{"C:\\Users\\AMUKKA\\VueJS\\Sample_assessments\\nutrition_application\\src\\App.vue": {"path":"C:\\Users\\AMUKKA\\VueJS\\Sample_assessments\\nutrition_application\\src\\App.vue","statementMap":{"0":{"start":{"line":12,"column":0},"end":{"line":12,"column":null}},"1":{"start":{"line":19,"column":0},"end":{"line":19,"column":null}}},"fnMap":{"0":{"name":"(anonymous_1)","decl":{"start":{"line":19,"column":0},"end":{"line":19,"column":null}},"loc":{"start":{"line":19,"column":0},"end":{"line":19,"column":null}}}},"branchMap":{},"s":{"0":1,"1":2},"f":{"0":2},"b":{}}
,"C:\\Users\\AMUKKA\\VueJS\\Sample_assessments\\nutrition_application\\src\\components\\ErrorPage.vue": {"path":"C:\\Users\\AMUKKA\\VueJS\\Sample_assessments\\nutrition_application\\src\\components\\ErrorPage.vue","statementMap":{"0":{"start":{"line":9,"column":0},"end":{"line":9,"column":null}},"1":{"start":{"line":17,"column":0},"end":{"line":17,"column":null}}},"fnMap":{"0":{"name":"(anonymous_1)","decl":{"start":{"line":16,"column":0},"end":{"line":16,"column":null}},"loc":{"start":{"line":16,"column":0},"end":{"line":18,"column":null}}}},"branchMap":{},"s":{"0":1,"1":1},"f":{"0":1},"b":{}}
,"C:\\Users\\AMUKKA\\VueJS\\Sample_assessments\\nutrition_application\\src\\components\\FoodCard.vue": {"path":"C:\\Users\\AMUKKA\\VueJS\\Sample_assessments\\nutrition_application\\src\\components\\FoodCard.vue","statementMap":{"0":{"start":{"line":36,"column":0},"end":{"line":36,"column":null}}},"fnMap":{"0":{"name":"(anonymous_1)","decl":{"start":{"line":35,"column":0},"end":{"line":35,"column":null}},"loc":{"start":{"line":35,"column":0},"end":{"line":37,"column":null}}}},"branchMap":{},"s":{"0":1},"f":{"0":1},"b":{}}
,"C:\\Users\\AMUKKA\\VueJS\\Sample_assessments\\nutrition_application\\src\\components\\FoodNutritionDetails.vue": {"path":"C:\\Users\\AMUKKA\\VueJS\\Sample_assessments\\nutrition_application\\src\\components\\FoodNutritionDetails.vue","statementMap":{"0":{"start":{"line":56,"column":0},"end":{"line":56,"column":null}},"1":{"start":{"line":62,"column":0},"end":{"line":62,"column":null}},"2":{"start":{"line":71,"column":0},"end":{"line":71,"column":null}},"3":{"start":{"line":75,"column":0},"end":{"line":75,"column":null}},"4":{"start":{"line":76,"column":0},"end":{"line":76,"column":null}},"5":{"start":{"line":77,"column":0},"end":{"line":77,"column":null}},"6":{"start":{"line":78,"column":0},"end":{"line":78,"column":null}}},"fnMap":{"0":{"name":"(anonymous_1)","decl":{"start":{"line":61,"column":0},"end":{"line":61,"column":null}},"loc":{"start":{"line":61,"column":0},"end":{"line":66,"column":null}}},"1":{"name":"(anonymous_2)","decl":{"start":{"line":70,"column":0},"end":{"line":70,"column":null}},"loc":{"start":{"line":70,"column":0},"end":{"line":72,"column":null}}},"2":{"name":"(anonymous_3)","decl":{"start":{"line":74,"column":0},"end":{"line":74,"column":null}},"loc":{"start":{"line":74,"column":0},"end":{"line":79,"column":null}}}},"branchMap":{},"s":{"0":3,"1":3,"2":3,"3":4,"4":4,"5":4,"6":4},"f":{"0":3,"1":3,"2":4},"b":{}}
,"C:\\Users\\AMUKKA\\VueJS\\Sample_assessments\\nutrition_application\\src\\components\\Search.vue": {"path":"C:\\Users\\AMUKKA\\VueJS\\Sample_assessments\\nutrition_application\\src\\components\\Search.vue","statementMap":{"0":{"start":{"line":94,"column":0},"end":{"line":94,"column":null}},"1":{"start":{"line":98,"column":0},"end":{"line":98,"column":null}},"2":{"start":{"line":110,"column":0},"end":{"line":110,"column":null}},"3":{"start":{"line":111,"column":0},"end":{"line":111,"column":null}},"4":{"start":{"line":116,"column":0},"end":{"line":122,"column":null}},"5":{"start":{"line":117,"column":0},"end":{"line":117,"column":null}},"6":{"start":{"line":118,"column":0},"end":{"line":118,"column":null}},"7":{"start":{"line":119,"column":0},"end":{"line":119,"column":null}},"8":{"start":{"line":120,"column":0},"end":{"line":120,"column":null}}},"fnMap":{"0":{"name":"(anonymous_1)","decl":{"start":{"line":97,"column":0},"end":{"line":97,"column":null}},"loc":{"start":{"line":97,"column":0},"end":{"line":104,"column":null}}},"1":{"name":"(anonymous_2)","decl":{"start":{"line":109,"column":0},"end":{"line":109,"column":null}},"loc":{"start":{"line":109,"column":0},"end":{"line":112,"column":null}}},"2":{"name":"(anonymous_3)","decl":{"start":{"line":115,"column":0},"end":{"line":115,"column":null}},"loc":{"start":{"line":115,"column":0},"end":{"line":123,"column":null}}}},"branchMap":{"0":{"loc":{"start":{"line":110,"column":0},"end":{"line":110,"column":null}},"type":"if","locations":[{"start":{"line":110,"column":0},"end":{"line":110,"column":null}},{"start":{"line":110,"column":0},"end":{"line":110,"column":null}}]},"1":{"loc":{"start":{"line":116,"column":0},"end":{"line":122,"column":null}},"type":"if","locations":[{"start":{"line":116,"column":0},"end":{"line":122,"column":null}},{"start":{"line":116,"column":0},"end":{"line":122,"column":null}}]}},"s":{"0":3,"1":3,"2":7,"3":7,"4":1,"5":1,"6":1,"7":1,"8":1},"f":{"0":3,"1":7,"2":1},"b":{"0":[0,7],"1":[1,0]}}
,"C:\\Users\\AMUKKA\\VueJS\\Sample_assessments\\nutrition_application\\src\\plugins\\vuetify.js": {"path":"C:\\Users\\AMUKKA\\VueJS\\Sample_assessments\\nutrition_application\\src\\plugins\\vuetify.js","statementMap":{"0":{"start":{"line":4,"column":0},"end":{"line":4,"column":17}}},"fnMap":{},"branchMap":{},"s":{"0":0},"f":{},"b":{},"hash":"3d47aa250450df706c6cb048453269d5b6b8b779"}
,"C:\\Users\\AMUKKA\\VueJS\\Sample_assessments\\nutrition_application\\src\\router\\index.js": {"path":"C:\\Users\\AMUKKA\\VueJS\\Sample_assessments\\nutrition_application\\src\\router\\index.js","statementMap":{"0":{"start":{"line":8,"column":0},"end":{"line":8,"column":19}},"1":{"start":{"line":10,"column":15},"end":{"line":31,"column":1}},"2":{"start":{"line":33,"column":15},"end":{"line":37,"column":2}}},"fnMap":{},"branchMap":{},"s":{"0":2,"1":2,"2":2},"f":{},"b":{},"_coverageSchema":"43e27e138ebf9cfc5966b082cf9a028302ed4184","hash":"3668419a76f12b81be2610b2e881b208af131400"}
,"C:\\Users\\AMUKKA\\VueJS\\Sample_assessments\\nutrition_application\\src\\service\\config.js": {"path":"C:\\Users\\AMUKKA\\VueJS\\Sample_assessments\\nutrition_application\\src\\service\\config.js","statementMap":{"0":{"start":{"line":3,"column":16},"end":{"line":3,"column":40}},"1":{"start":{"line":4,"column":20},"end":{"line":10,"column":2}}},"fnMap":{},"branchMap":{},"s":{"0":0,"1":0},"f":{},"b":{},"hash":"15fa0a5fd834cb0c3f407e094844f0849d3bcb27"}
,"C:\\Users\\AMUKKA\\VueJS\\Sample_assessments\\nutrition_application\\src\\service\\service.js": {"path":"C:\\Users\\AMUKKA\\VueJS\\Sample_assessments\\nutrition_application\\src\\service\\service.js","statementMap":{"0":{"start":{"line":4,"column":15},"end":{"line":4,"column":25}},"1":{"start":{"line":5,"column":16},"end":{"line":5,"column":50}},"2":{"start":{"line":6,"column":2},"end":{"line":14,"column":4}},"3":{"start":{"line":18,"column":15},"end":{"line":18,"column":25}},"4":{"start":{"line":19,"column":16},"end":{"line":19,"column":50}},"5":{"start":{"line":20,"column":2},"end":{"line":27,"column":4}}},"fnMap":{"0":{"name":"getFoodItems","decl":{"start":{"line":3,"column":16},"end":{"line":3,"column":28}},"loc":{"start":{"line":3,"column":36},"end":{"line":15,"column":1}},"line":3},"1":{"name":"getNutritionDetails","decl":{"start":{"line":17,"column":16},"end":{"line":17,"column":35}},"loc":{"start":{"line":17,"column":42},"end":{"line":28,"column":1}},"line":17}},"branchMap":{},"s":{"0":1,"1":1,"2":1,"3":1,"4":1,"5":1},"f":{"0":1,"1":1},"b":{},"_coverageSchema":"43e27e138ebf9cfc5966b082cf9a028302ed4184","hash":"1ad8dc308f797e97a6f688a8fd656f9b4826d7ff"}
,"C:\\Users\\AMUKKA\\VueJS\\Sample_assessments\\nutrition_application\\src\\store\\actions.js": {"path":"C:\\Users\\AMUKKA\\VueJS\\Sample_assessments\\nutrition_application\\src\\store\\actions.js","statementMap":{"0":{"start":{"line":5,"column":4},"end":{"line":10,"column":5}},"1":{"start":{"line":6,"column":23},"end":{"line":6,"column":48}},"2":{"start":{"line":7,"column":6},"end":{"line":7,"column":58}},"3":{"start":{"line":9,"column":6},"end":{"line":9,"column":48}},"4":{"start":{"line":14,"column":4},"end":{"line":19,"column":5}},"5":{"start":{"line":15,"column":23},"end":{"line":15,"column":54}},"6":{"start":{"line":16,"column":6},"end":{"line":16,"column":65}},"7":{"start":{"line":18,"column":6},"end":{"line":18,"column":48}}},"fnMap":{"0":{"name":"(anonymous_0)","decl":{"start":{"line":4,"column":2},"end":{"line":4,"column":3}},"loc":{"start":{"line":4,"column":43},"end":{"line":11,"column":3}},"line":4},"1":{"name":"(anonymous_1)","decl":{"start":{"line":13,"column":2},"end":{"line":13,"column":3}},"loc":{"start":{"line":13,"column":49},"end":{"line":20,"column":3}},"line":13}},"branchMap":{},"s":{"0":2,"1":2,"2":1,"3":1,"4":2,"5":2,"6":1,"7":1},"f":{"0":2,"1":2},"b":{},"_coverageSchema":"43e27e138ebf9cfc5966b082cf9a028302ed4184","hash":"0d8445fef0589e89e135d83381d2b23dd5f5cb8c"}
,"C:\\Users\\AMUKKA\\VueJS\\Sample_assessments\\nutrition_application\\src\\store\\index.js": {"path":"C:\\Users\\AMUKKA\\VueJS\\Sample_assessments\\nutrition_application\\src\\store\\index.js","statementMap":{"0":{"start":{"line":6,"column":0},"end":{"line":6,"column":14}}},"fnMap":{},"branchMap":{},"s":{"0":0},"f":{},"b":{},"hash":"89d6a0e3609b79e16e9f872deca0c722b7be463e"}
,"C:\\Users\\AMUKKA\\VueJS\\Sample_assessments\\nutrition_application\\src\\store\\mutations.js": {"path":"C:\\Users\\AMUKKA\\VueJS\\Sample_assessments\\nutrition_application\\src\\store\\mutations.js","statementMap":{"0":{"start":{"line":3,"column":4},"end":{"line":3,"column":32}},"1":{"start":{"line":6,"column":4},"end":{"line":6,"column":37}},"2":{"start":{"line":9,"column":4},"end":{"line":9,"column":24}}},"fnMap":{"0":{"name":"(anonymous_0)","decl":{"start":{"line":2,"column":2},"end":{"line":2,"column":3}},"loc":{"start":{"line":2,"column":39},"end":{"line":4,"column":3}},"line":2},"1":{"name":"(anonymous_1)","decl":{"start":{"line":5,"column":2},"end":{"line":5,"column":3}},"loc":{"start":{"line":5,"column":44},"end":{"line":7,"column":3}},"line":5},"2":{"name":"(anonymous_2)","decl":{"start":{"line":8,"column":2},"end":{"line":8,"column":3}},"loc":{"start":{"line":8,"column":25},"end":{"line":10,"column":3}},"line":8}},"branchMap":{},"s":{"0":1,"1":1,"2":1},"f":{"0":1,"1":1,"2":1},"b":{},"_coverageSchema":"43e27e138ebf9cfc5966b082cf9a028302ed4184","hash":"1dd121f7430756d4e80a500a624c5cfe6ac8d052"}
,"C:\\Users\\AMUKKA\\VueJS\\Sample_assessments\\nutrition_application\\src\\views\\Home.vue": {"path":"C:\\Users\\AMUKKA\\VueJS\\Sample_assessments\\nutrition_application\\src\\views\\Home.vue","statementMap":{"0":{"start":{"line":32,"column":0},"end":{"line":32,"column":null}},"1":{"start":{"line":33,"column":0},"end":{"line":33,"column":null}},"2":{"start":{"line":40,"column":0},"end":{"line":40,"column":null}},"3":{"start":{"line":50,"column":0},"end":{"line":50,"column":null}},"4":{"start":{"line":54,"column":0},"end":{"line":54,"column":null}},"5":{"start":{"line":55,"column":0},"end":{"line":55,"column":null}},"6":{"start":{"line":56,"column":0},"end":{"line":56,"column":null}},"7":{"start":{"line":57,"column":0},"end":{"line":57,"column":null}}},"fnMap":{"0":{"name":"(anonymous_1)","decl":{"start":{"line":39,"column":0},"end":{"line":39,"column":null}},"loc":{"start":{"line":39,"column":0},"end":{"line":45,"column":null}}},"1":{"name":"(anonymous_2)","decl":{"start":{"line":49,"column":0},"end":{"line":49,"column":null}},"loc":{"start":{"line":49,"column":0},"end":{"line":51,"column":null}}},"2":{"name":"(anonymous_3)","decl":{"start":{"line":53,"column":0},"end":{"line":53,"column":null}},"loc":{"start":{"line":53,"column":0},"end":{"line":58,"column":null}}}},"branchMap":{},"s":{"0":3,"1":3,"2":3,"3":3,"4":4,"5":4,"6":4,"7":4},"f":{"0":3,"1":3,"2":4},"b":{}}
}
