TN:
SF:C:\Users\AMUKKA\VueJS\Sample_assessments\nutrition_application\src\App.vue
FN:19,(anonymous_1)
FNF:1
FNH:1
FNDA:2,(anonymous_1)
DA:12,1
DA:19,2
LF:2
LH:2
BRF:0
BRH:0
end_of_record
TN:
SF:C:\Users\AMUKKA\VueJS\Sample_assessments\nutrition_application\src\components\ErrorPage.vue
FN:16,(anonymous_1)
FNF:1
FNH:1
FNDA:1,(anonymous_1)
DA:9,1
DA:17,1
LF:2
LH:2
BRF:0
BRH:0
end_of_record
TN:
SF:C:\Users\AMUKKA\VueJS\Sample_assessments\nutrition_application\src\components\FoodCard.vue
FN:35,(anonymous_1)
FNF:1
FNH:1
FNDA:1,(anonymous_1)
DA:36,1
LF:1
LH:1
BRF:0
BRH:0
end_of_record
TN:
SF:C:\Users\AMUKKA\VueJS\Sample_assessments\nutrition_application\src\components\FoodNutritionDetails.vue
FN:61,(anonymous_1)
FN:70,(anonymous_2)
FN:74,(anonymous_3)
FNF:3
FNH:3
FNDA:3,(anonymous_1)
FNDA:3,(anonymous_2)
FNDA:4,(anonymous_3)
DA:56,3
DA:62,3
DA:71,3
DA:75,4
DA:76,4
DA:77,4
DA:78,4
LF:7
LH:7
BRF:0
BRH:0
end_of_record
TN:
SF:C:\Users\AMUKKA\VueJS\Sample_assessments\nutrition_application\src\components\Search.vue
FN:97,(anonymous_1)
FN:109,(anonymous_2)
FN:115,(anonymous_3)
FNF:3
FNH:3
FNDA:3,(anonymous_1)
FNDA:7,(anonymous_2)
FNDA:1,(anonymous_3)
DA:94,3
DA:98,3
DA:110,7
DA:111,7
DA:116,1
DA:117,1
DA:118,1
DA:119,1
DA:120,1
LF:9
LH:9
BRDA:110,0,0,0
BRDA:110,0,1,7
BRDA:116,1,0,1
BRDA:116,1,1,0
BRF:4
BRH:2
end_of_record
TN:
SF:C:\Users\AMUKKA\VueJS\Sample_assessments\nutrition_application\src\plugins\vuetify.js
FNF:0
FNH:0
DA:4,0
LF:1
LH:0
BRF:0
BRH:0
end_of_record
TN:
SF:C:\Users\AMUKKA\VueJS\Sample_assessments\nutrition_application\src\router\index.js
FNF:0
FNH:0
DA:8,2
DA:10,2
DA:33,2
LF:3
LH:3
BRF:0
BRH:0
end_of_record
TN:
SF:C:\Users\AMUKKA\VueJS\Sample_assessments\nutrition_application\src\service\config.js
FNF:0
FNH:0
DA:3,0
DA:4,0
LF:2
LH:0
BRF:0
BRH:0
end_of_record
TN:
SF:C:\Users\AMUKKA\VueJS\Sample_assessments\nutrition_application\src\service\service.js
FN:3,getFoodItems
FN:17,getNutritionDetails
FNF:2
FNH:2
FNDA:1,getFoodItems
FNDA:1,getNutritionDetails
DA:4,1
DA:5,1
DA:6,1
DA:18,1
DA:19,1
DA:20,1
LF:6
LH:6
BRF:0
BRH:0
end_of_record
TN:
SF:C:\Users\AMUKKA\VueJS\Sample_assessments\nutrition_application\src\store\actions.js
FN:4,(anonymous_0)
FN:13,(anonymous_1)
FNF:2
FNH:2
FNDA:2,(anonymous_0)
FNDA:2,(anonymous_1)
DA:5,2
DA:6,2
DA:7,1
DA:9,1
DA:14,2
DA:15,2
DA:16,1
DA:18,1
LF:8
LH:8
BRF:0
BRH:0
end_of_record
TN:
SF:C:\Users\AMUKKA\VueJS\Sample_assessments\nutrition_application\src\store\index.js
FNF:0
FNH:0
DA:6,0
LF:1
LH:0
BRF:0
BRH:0
end_of_record
TN:
SF:C:\Users\AMUKKA\VueJS\Sample_assessments\nutrition_application\src\store\mutations.js
FN:2,(anonymous_0)
FN:5,(anonymous_1)
FN:8,(anonymous_2)
FNF:3
FNH:3
FNDA:1,(anonymous_0)
FNDA:1,(anonymous_1)
FNDA:1,(anonymous_2)
DA:3,1
DA:6,1
DA:9,1
LF:3
LH:3
BRF:0
BRH:0
end_of_record
TN:
SF:C:\Users\AMUKKA\VueJS\Sample_assessments\nutrition_application\src\views\Home.vue
FN:39,(anonymous_1)
FN:49,(anonymous_2)
FN:53,(anonymous_3)
FNF:3
FNH:3
FNDA:3,(anonymous_1)
FNDA:3,(anonymous_2)
FNDA:4,(anonymous_3)
DA:32,3
DA:33,3
DA:40,3
DA:50,3
DA:54,4
DA:55,4
DA:56,4
DA:57,4
LF:8
LH:8
BRF:0
BRH:0
end_of_record
